0 info it worked if it ends with ok
1 verbose cli [ '/Users/11156/.nvm/versions/node/v4.3.1/bin/node',
1 verbose cli   '/Users/11156/.nvm/versions/node/v4.3.1/bin/npm',
1 verbose cli   'publish' ]
2 info using npm@2.14.12
3 info using node@v4.3.1
4 verbose publish [ '.' ]
5 silly cache add args [ '.', null ]
6 verbose cache add spec .
7 silly cache add parsed spec Result {
7 silly cache add   raw: '.',
7 silly cache add   scope: null,
7 silly cache add   name: null,
7 silly cache add   rawSpec: '.',
7 silly cache add   spec: '/Users/11156/github/My_OpenSources/rn-popup',
7 silly cache add   type: 'directory' }
8 verbose addLocalDirectory /Users/11156/.npm/rn-popup/1.0.0/package.tgz not in flight; packing
9 verbose tar pack [ '/Users/11156/.npm/rn-popup/1.0.0/package.tgz',
9 verbose tar pack   '/Users/11156/github/My_OpenSources/rn-popup' ]
10 verbose tarball /Users/11156/.npm/rn-popup/1.0.0/package.tgz
11 verbose folder /Users/11156/github/My_OpenSources/rn-popup
12 info prepublish rn-popup@1.0.0
13 verbose addLocalTarball adding from inside cache /Users/11156/.npm/rn-popup/1.0.0/package.tgz
14 silly cache afterAdd rn-popup@1.0.0
15 verbose afterAdd /Users/11156/.npm/rn-popup/1.0.0/package/package.json not in flight; writing
16 verbose afterAdd /Users/11156/.npm/rn-popup/1.0.0/package/package.json written
17 silly publish { name: 'rn-popup',
17 silly publish   version: '1.0.0',
17 silly publish   description: 'Popup component for React Native',
17 silly publish   main: 'src/index.js',
17 silly publish   scripts: { test: 'echo "Error: no test specified" && exit 1' },
17 silly publish   repository:
17 silly publish    { type: 'git',
17 silly publish      url: 'git+https://github.com/chethann/rn-popup.git' },
17 silly publish   keywords: [ 'React', 'React-Native', 'popup', 'react-native-popup' ],
17 silly publish   author: { name: 'chethann12793@gmail.com' },
17 silly publish   license: 'MIT',
17 silly publish   bugs: { url: 'https://github.com/chethann/rn-popup/issues' },
17 silly publish   homepage: 'https://github.com/chethann/rn-popup#readme',
17 silly publish   readme: '# rn-popup\nPopup component for React native\n',
17 silly publish   readmeFilename: 'README.md',
17 silly publish   gitHead: '9eb533548cf6fbba0f9768073695f9c6381785ce',
17 silly publish   _id: 'rn-popup@1.0.0',
17 silly publish   _shasum: '79a3b40990d13232cd9a211d1d7c2349f1bd9281',
17 silly publish   _from: '.' }
18 verbose getPublishConfig undefined
19 silly mapToRegistry name rn-popup
20 silly mapToRegistry using default registry
21 silly mapToRegistry registry https://registry.npmjs.org/
22 silly mapToRegistry uri https://registry.npmjs.org/rn-popup
23 verbose publish registryBase https://registry.npmjs.org/
24 silly publish uploading /Users/11156/.npm/rn-popup/1.0.0/package.tgz
25 verbose request uri https://registry.npmjs.org/rn-popup
26 verbose request sending authorization for write operation
27 info attempt registry request try #1 at 1:41:32 PM
28 verbose request using bearer token for auth
29 verbose request id e0233bcab87140fe
30 http request PUT https://registry.npmjs.org/rn-popup
31 http 403 https://registry.npmjs.org/rn-popup
32 verbose headers { 'content-type': 'application/json',
32 verbose headers   'cache-control': 'max-age=300',
32 verbose headers   'content-length': '102',
32 verbose headers   'accept-ranges': 'bytes',
32 verbose headers   date: 'Sun, 27 Nov 2016 08:11:34 GMT',
32 verbose headers   via: '1.1 varnish',
32 verbose headers   connection: 'keep-alive',
32 verbose headers   'x-served-by': 'cache-sin6922-SIN',
32 verbose headers   'x-cache': 'MISS',
32 verbose headers   'x-cache-hits': '0',
32 verbose headers   'x-timer': 'S1480234293.858642,VS0,VE944',
32 verbose headers   vary: 'Accept-Encoding' }
33 verbose request invalidating /Users/11156/.npm/registry.npmjs.org/rn-popup on PUT
34 error publish Failed PUT 403
35 verbose stack Error: you do not have permission to publish "rn-popup". Are you logged in as the correct user? : rn-popup
35 verbose stack     at makeError (/Users/11156/.nvm/versions/node/v4.3.1/lib/node_modules/npm/node_modules/npm-registry-client/lib/request.js:264:12)
35 verbose stack     at CachingRegistryClient.<anonymous> (/Users/11156/.nvm/versions/node/v4.3.1/lib/node_modules/npm/node_modules/npm-registry-client/lib/request.js:252:14)
35 verbose stack     at Request._callback (/Users/11156/.nvm/versions/node/v4.3.1/lib/node_modules/npm/node_modules/npm-registry-client/lib/request.js:172:14)
35 verbose stack     at Request.self.callback (/Users/11156/.nvm/versions/node/v4.3.1/lib/node_modules/npm/node_modules/request/request.js:198:22)
35 verbose stack     at emitTwo (events.js:87:13)
35 verbose stack     at Request.emit (events.js:172:7)
35 verbose stack     at Request.<anonymous> (/Users/11156/.nvm/versions/node/v4.3.1/lib/node_modules/npm/node_modules/request/request.js:1082:10)
35 verbose stack     at emitOne (events.js:82:20)
35 verbose stack     at Request.emit (events.js:169:7)
35 verbose stack     at IncomingMessage.<anonymous> (/Users/11156/.nvm/versions/node/v4.3.1/lib/node_modules/npm/node_modules/request/request.js:1009:12)
36 verbose statusCode 403
37 verbose pkgid rn-popup
38 verbose cwd /Users/11156/github/My_OpenSources/rn-popup
39 error Darwin 15.4.0
40 error argv "/Users/11156/.nvm/versions/node/v4.3.1/bin/node" "/Users/11156/.nvm/versions/node/v4.3.1/bin/npm" "publish"
41 error node v4.3.1
42 error npm  v2.14.12
43 error code E403
44 error you do not have permission to publish "rn-popup". Are you logged in as the correct user? : rn-popup
45 error If you need help, you may report this error at:
45 error     <https://github.com/npm/npm/issues>
46 verbose exit [ 1, true ]
